ARM GAS  /tmp/ccK6zaAo.s 			page 1


   1              		.cpu cortex-m4
   2              		.eabi_attribute 27, 1
   3              		.eabi_attribute 28, 1
   4              		.eabi_attribute 20, 1
   5              		.eabi_attribute 21, 1
   6              		.eabi_attribute 23, 3
   7              		.eabi_attribute 24, 1
   8              		.eabi_attribute 25, 1
   9              		.eabi_attribute 26, 1
  10              		.eabi_attribute 30, 1
  11              		.eabi_attribute 34, 1
  12              		.eabi_attribute 18, 4
  13              		.file	"gpio.c"
  14              		.text
  15              		.section	.text.MX_GPIO_Init,"ax",%progbits
  16              		.align	1
  17              		.global	MX_GPIO_Init
  18              		.arch armv7e-m
  19              		.syntax unified
  20              		.thumb
  21              		.thumb_func
  22              		.fpu fpv4-sp-d16
  24              	MX_GPIO_Init:
  25              		@ args = 0, pretend = 0, frame = 40
  26              		@ frame_needed = 0, uses_anonymous_args = 0
  27 0000 F0B5     		push	{r4, r5, r6, r7, lr}
  28 0002 8BB0     		sub	sp, sp, #44
  29 0004 0024     		movs	r4, #0
  30 0006 0594     		str	r4, [sp, #20]
  31 0008 0694     		str	r4, [sp, #24]
  32 000a 0794     		str	r4, [sp, #28]
  33 000c 0894     		str	r4, [sp, #32]
  34 000e 0994     		str	r4, [sp, #36]
  35 0010 0194     		str	r4, [sp, #4]
  36 0012 2B4B     		ldr	r3, .L3
  37 0014 1A6B     		ldr	r2, [r3, #48]
  38 0016 42F08002 		orr	r2, r2, #128
  39 001a 1A63     		str	r2, [r3, #48]
  40 001c 1A6B     		ldr	r2, [r3, #48]
  41 001e 02F08002 		and	r2, r2, #128
  42 0022 0192     		str	r2, [sp, #4]
  43 0024 019A     		ldr	r2, [sp, #4]
  44 0026 0294     		str	r4, [sp, #8]
  45 0028 1A6B     		ldr	r2, [r3, #48]
  46 002a 42F00402 		orr	r2, r2, #4
  47 002e 1A63     		str	r2, [r3, #48]
  48 0030 1A6B     		ldr	r2, [r3, #48]
  49 0032 02F00402 		and	r2, r2, #4
  50 0036 0292     		str	r2, [sp, #8]
  51 0038 029A     		ldr	r2, [sp, #8]
  52 003a 0394     		str	r4, [sp, #12]
  53 003c 1A6B     		ldr	r2, [r3, #48]
  54 003e 42F00102 		orr	r2, r2, #1
  55 0042 1A63     		str	r2, [r3, #48]
  56 0044 1A6B     		ldr	r2, [r3, #48]
  57 0046 02F00102 		and	r2, r2, #1
  58 004a 0392     		str	r2, [sp, #12]
ARM GAS  /tmp/ccK6zaAo.s 			page 2


  59 004c 039A     		ldr	r2, [sp, #12]
  60 004e 0494     		str	r4, [sp, #16]
  61 0050 1A6B     		ldr	r2, [r3, #48]
  62 0052 42F00802 		orr	r2, r2, #8
  63 0056 1A63     		str	r2, [r3, #48]
  64 0058 1B6B     		ldr	r3, [r3, #48]
  65 005a 03F00803 		and	r3, r3, #8
  66 005e 0493     		str	r3, [sp, #16]
  67 0060 049B     		ldr	r3, [sp, #16]
  68 0062 184F     		ldr	r7, .L3+4
  69 0064 2246     		mov	r2, r4
  70 0066 0F21     		movs	r1, #15
  71 0068 3846     		mov	r0, r7
  72 006a FFF7FEFF 		bl	HAL_GPIO_WritePin
  73 006e 164E     		ldr	r6, .L3+8
  74 0070 2246     		mov	r2, r4
  75 0072 0421     		movs	r1, #4
  76 0074 3046     		mov	r0, r6
  77 0076 FFF7FEFF 		bl	HAL_GPIO_WritePin
  78 007a 0F23     		movs	r3, #15
  79 007c 0593     		str	r3, [sp, #20]
  80 007e 0125     		movs	r5, #1
  81 0080 0695     		str	r5, [sp, #24]
  82 0082 0794     		str	r4, [sp, #28]
  83 0084 0895     		str	r5, [sp, #32]
  84 0086 05A9     		add	r1, sp, #20
  85 0088 3846     		mov	r0, r7
  86 008a FFF7FEFF 		bl	HAL_GPIO_Init
  87 008e 4FF4E053 		mov	r3, #7168
  88 0092 0593     		str	r3, [sp, #20]
  89 0094 0223     		movs	r3, #2
  90 0096 0693     		str	r3, [sp, #24]
  91 0098 0794     		str	r4, [sp, #28]
  92 009a 0323     		movs	r3, #3
  93 009c 0893     		str	r3, [sp, #32]
  94 009e 0A23     		movs	r3, #10
  95 00a0 0993     		str	r3, [sp, #36]
  96 00a2 05A9     		add	r1, sp, #20
  97 00a4 0948     		ldr	r0, .L3+12
  98 00a6 FFF7FEFF 		bl	HAL_GPIO_Init
  99 00aa 0423     		movs	r3, #4
 100 00ac 0593     		str	r3, [sp, #20]
 101 00ae 0695     		str	r5, [sp, #24]
 102 00b0 0794     		str	r4, [sp, #28]
 103 00b2 0895     		str	r5, [sp, #32]
 104 00b4 05A9     		add	r1, sp, #20
 105 00b6 3046     		mov	r0, r6
 106 00b8 FFF7FEFF 		bl	HAL_GPIO_Init
 107 00bc 0BB0     		add	sp, sp, #44
 108              		@ sp needed
 109 00be F0BD     		pop	{r4, r5, r6, r7, pc}
 110              	.L4:
 111              		.align	2
 112              	.L3:
 113 00c0 00380240 		.word	1073887232
 114 00c4 00080240 		.word	1073874944
 115 00c8 000C0240 		.word	1073875968
ARM GAS  /tmp/ccK6zaAo.s 			page 3


 116 00cc 00000240 		.word	1073872896
 118              		.ident	"GCC: (GNU Arm Embedded Toolchain 10.3-2021.07) 10.3.1 20210621 (release)"
ARM GAS  /tmp/ccK6zaAo.s 			page 4


DEFINED SYMBOLS
                            *ABS*:0000000000000000 gpio.c
     /tmp/ccK6zaAo.s:16     .text.MX_GPIO_Init:0000000000000000 $t
     /tmp/ccK6zaAo.s:24     .text.MX_GPIO_Init:0000000000000000 MX_GPIO_Init
     /tmp/ccK6zaAo.s:113    .text.MX_GPIO_Init:00000000000000c0 $d

UNDEFINED SYMBOLS
HAL_GPIO_WritePin
HAL_GPIO_Init
